PUT user:alice:name "Alice"
PUT user:alice:age "25"
PUT user:alice:score "85"
PUT user:bob:name "Bob"
PUT user:bob:age "30"
PUT user:bob:score "92"
PUT user:charlie:name "Charlie"
PUT user:charlie:age "35"
PUT user:charlie:score "78"
PUT product:laptop:name "Gaming
PUT product:laptop:price "1299.99"
PUT product:mouse:name "Wireless
PUT product:mouse:price "49.99"
PUT product:keyboard:name "Mechanical
PUT product:keyboard:price "129.99"
PUT score:math "95"
PUT score:english "88"
PUT score:science "91"
PUT score:history "82"
PUT config:timeout "300"
PUT config:max_connections "1000"
PUT test:1 "value1"
PUT test:2 "value2"
PUT test:3 "value3"
DEL test:1
DEL test:2
DEL test:3
PUT user0 ugaqblgqwlgzqmugyxsmzyhwguvavvbphtqmrbpxlzuwzmowocikrvrctdrxpskmrlldjsulsxglypetgxhejppmrtncofobdaig
PUT user1 thgxaqltrmwkmufqrrcwqxpfvlphicigvhfpuhvaditdsbiqugqdnvtcbsqbbexknyzuffoemnqlrttykulplvtoiymvsbwpbmmo
PUT user2 jvmhofrdifhopyddoytsoqkkjuuiiuqcjhhgmttczpfccnurtlesenhprfhtdxqajkozvbrxrrsjzqsmhdsrmyfzuhbidnlxebla
PUT user3 xjtalmbmhncgatnrghzkhlugktuzbioeyjuzjqegiqxxerxmkbjowuhdfwmuurusjwktwxrehgfgzcxaazmnuohptfdrltflycjk
PUT user4 qkzyojunphfkivwdqgibwunuvxylrzkypqsctzjecqzpijveaniyhfderplxkjlphkfryyceowmjududxtxtglfxoxhijamdgwlt
PUT user5 kaoluvezdbahebzoahxzojvbenazxhdkzfcntckxorrwuvbizfqwetmfzbekeawpymkdqxkvixssaxacpnpchrpruksxasdvhays
PUT user6 otmjrxfsacqxuqsnkszthlqcquygspryafzjeeiaatalshierzccfwxchfkyxsvvjrhpvtmtiwmawuzwzxwebxhewpcnnsxkmhkm
PUT user7 cirwpyjcopywahkiosciqtovstmbyhhlgtlvblbfyortqpzrvdgrvucusvrhrcjsxqdmrjsbafacmkryxqbimoxrgmarzhiprskf
PUT user8 anrcmdolklrssbozvesxjmnrfyiczyhvxohpdlrtptydwejgeabzmfdcxhqsauhmzmqyefjnfqhznkzksihjwgyrdgfcdqxzdzeb
PUT user9 wkdeilpaogjiplrbqryizaonmvalzymdbqclzhzlepiuoppogdtstuutsvccvddbgyeaqyurdchdeuavumzejizaktbidqzbwgpp
PUT user10 hsshyzmpvpvjemlikmmzcqxudbfzysjaesemvoeiqtrcjrbxsmkvplwaacgpafzzjyhxoutlnuqnpmolxcefioonbqdsxmawflgc
PUT user11 ijghldfgbpqniuzkzssvoajfmxitebwtxeulkakuvqzonkjslidxhrrbvzfbxvfatzcfcssutnnxytwtcqtkbvzxqkpbfbvhcmzy
PUT user12 kfmzcqefjjxapiwactdfwslbbsqvtbfmjulcdlzghkbtsirejnvhymwfaetwaaxkefawdmqvqzwfsdrhqsyybvlzzcfdehlejoes
PUT user13 qvhvxmgnggaqzygwnjejxyisniusndldyzbdxcczqfwxojyhgxhoclewkqtlkekxacomsthrjgeyhswlzbzhdkboqkktypaivxre
PUT user14 ocplubophfwinmpbxemcbzlgxczmuekxqapnjgzebxzsiqzvaefonntxrwpqtzylbbotmrgeazlqvgyeyakaoecgkoqzdkqtiifp
PUT user15 nbngpbbxsggrorlgtlfvnrwfhallakqupdqtmzlyltyklkadzoiwovpinsnlslwiuskpqugtinikbfyjcjbrthorotqvksdlonze
PUT user16 clcdodmmsxljoahjeeabswmisqgfesyhtulcdicyreogxfyodqpkawkvpwewfjopiharezjwwmgzefhjnhmadruumtxdfiygjmig
PUT user17 laklhydczravnkqizrupatfxwizkcwsvsrfyqazhzglqmovecrvcowgbrybnilkedrenmmajjrduyncsbaepybzcwewuzdzfupno
PUT user18 erxaqwjmpdoxxwjruymnoiadswhezwidwdqnhwwprptmvngffpificgmgmzklcyyenxsvkipsiuvoseynzihjfhmernocvkqqhhg
PUT user19 lfzixuokzopbjvazxdoewpgooycrkvhflbuuhcwaimbordlrlobofxszxkiiceqrkkhkjanhdjqsqjqremksghwmsdrzywgsnetx
PUT user20 wtaugxirpaamyudefmhigdnroxdcuxfjnzhwslguoqodeeriakijlwyuvrjdxlrgcrrphtrumsmqbcefbealknkfctlllwhvtbsb
PUT user21 soeyviywxsgzrnqfuloxiewhgjsyrhtilwbaixwxjbkfotxoikkzgdbpwuphawjgeivmczlobxdzkkrmsvqxlscxvchvuikyqbcv
PUT user22 dbincctbkcplxpktcqcdckagemgvehmrbcjgezdxphecdqyazezskfbpxpgiqsdjakobrlhlnynbgamgrfftrfnohfaiuikekgfw
PUT user23 waeabwlktjosnemfztlpooquqchhwiypmuskkhmsqzpyfwjcrlvrchqcmzycwpbtvppxxvronhdolezslmhssfamdssvbvmzizgy
PUT user24 rcuaorufxajazewqkfjhfkvdtryqemyubvtqncenaluwlhoosilmwzmaovfmfvfrvsrondypjnxoppsnpljydckoemwlkzlpqqax
PUT user25 wmraeoetvoeprlrvjuesligdocfvbunjilumndsewfyyjplcehdmzkzbikzdytwprnguvwsilelaiexgqfxmhlmvwhydjadzkavp
PUT user26 jvhanlmvhakpbanrtoztamdxnpylxwewunzrtbqilplytspjxpwiiwrrvcwfebmgoafeysdacawlzcyuqcxvmatfudmcdbimdvcb
PUT user27 iqtlbwqoyarznqhycnwlovztiqjgvsqzswgjtfjdfcowmfkhbiqxqhjirxnrzjcpvcpdeebrioezngmrauohciyvvrcnltqzjqia
PUT user28 cacbtbjacqnoafvkyrrdrvddjfpaikhaxrzsptpphtqindspcjijaexwfoeeixyxisfuonkxnoudigfppyxoacvgttusrypqlxuo
PUT user29 zksblsjmbziobshcbfctzqvprovgxyxuoinxwuuchdxxfykmcydkbgojwlryoaslvxoatylxofokyebvwkveoleylmyojbmwfinh
PUT user30 wwiywjwdfzrbubcjiceeduezgfumzvvdbkrkftfhaiuzucohhasfrhuspzbmtgdlryrsecxcimamgeyqehqvpagqcsndezwxnmll
PUT user31 rlecuvigemrjovywpxncuhekgbexvsmaodklmiicrvmtnllsyjbreosrplyvpthlbolhlcnfkulwelrdkldxekesksxrrawzticd
PUT user32 fkixkamtqcelbrjjluaixraewdypjjykzonxktoosppspkyemocbvyilvlmbquytixerudjurfmrhozwpcrgsjqvdvswrbwxnrxi
PUT user33 jtnvulhbouplzkmdxoawkvtfcbwimkjvejgpxkguqclxqxnyeosgpmshtwrkimtgtodhjagljmjkwtwqscprgwioxpoibkcshczz
PUT user34 qkisnvkgghylskbbvrmboncgysaclktiyxnufnukczezlgxqoclxgvmtrricsmiqrfwuzjccsccpbcxkvgvhninmkilsqewqlfqx
PUT user35 bfynsfdfcotohicghpznnpiyjoviflpbraozdkntajiamlmapadtabjyykyuqjnzmohxawzgagwrdttjbjbqcedtmkckfczbvlfa
PUT user36 rwpuzwjhpcpzqgupczjejcdvtgvuqzmthwrggqswglwolefkdpvgmbkbqpflrksredxjmkizxlufxlxcdvqrxewhtwgbspasvgqo
PUT user37 euirxtaqohvwccogwbjvygcqlwlxroixmbolxwssbfzpqjieqksyesyhlxigiwmzpkjvcecrdtllgbuwborxegnyxyjqyvmvxvqq
PUT user38 lomfytznpqeovmcyxrlqhergnrmfcfxdvzadhwhtbtmhihbrqoyuotkduimgquebzrecclqphaugecznegurwkwjufjjobjpejmv
PUT user39 mapsjnhfbmxwtcwnigferiqgabysltdhxltnnukrzopmcplbrxjbraqfijkmkjptakxilolowytgbkblqibmktwqbtsmvzonkuob
PUT user40 mxuxebpmyxahgicmgwnchltccpwtiulptpclzuoccleifuduuwodsgfoarfitculhzwipjfosmdrrrjifzahxbouiweucebgbjhs
PUT user41 uxdsmewhiaohghqnlufeklmkyoesrzxqfntlclhjdynpfouzgcgghvyfniqcihzhmqbxhyxeorwaedwkbjvyltcxevplpcftrxsg
PUT user42 abmbysngahcgtwuisuacqaaxontddunojbgsbmfymzgyzilbfgfbsclawjxcniczjhidbxnngpmoqdppvwvdnsomatpunvjmiqtk
PUT user43 wrtvpamczqrhptsoqyiwcqlihekmnvlykzpexftsjikkajvqkctybwugbpmhllggfttjrlrfqzqhuiqazpcpxrzgqoshcpsdjnzi
PUT user44 obisrxupzvjkydtmjirmluiaghrjiiwbfnwmsfvzuvwmdodarwajrwzmxiyhwzrvrgldwmxootrkbjeigbxthggafjtnevuvdifc
PUT user45 wvnuowvcpsvloqdgwmvsbfszgtgvosyuxpzarhtzisjpszqzmyidhwehlplwyocfkcffhgxbddapqurldmimgoddndmwjcfrhudd
PUT user46 kwyyalpmndaosypxyyjxqjixhjcfeugaxzalxzcifyykqdlxafocdqhkayqlfpgmdycgxxivceoxnjjhniwfvlzxfxbpqmecygcq
PUT user47 kpvbbyikzysdlhpfyqishcfkprplrhalrkskfynylfwuhschwxiosrwudjkcvbmvplnqzmaqilcmuhsjtdylxmqcmtzryxnotmsp
PUT user48 mjzrwotdwigczagvnubxvzyvkqsdgolnutqrktfdvtmcdvfazqzfafdxfjbkccueynkesjxxkltpbzfrcenyarbamehdmxokpnis
PUT user49 nxerxegepxbfhtyrvndzmuglcjpmmflijlsqvxbfpyijpcxgmigppwdppkxsblddgykfcmoqfgrfajzxozghncxzzajfckroihtv
